<?xml version="1.0" encoding="UTF-8"?>
<coverage generated="1560775352611" clover="3.2.0">
  <project timestamp="1560775352611" name="All files">
    <metrics statements="58" coveredstatements="31" conditionals="8" coveredconditionals="4" methods="7" coveredmethods="4" elements="73" coveredelements="39" complexity="0" loc="58" ncloc="58" packages="4" files="9" classes="9">
      <package name="components.animations">
        <metrics statements="23" coveredstatements="4" conditionals="2" coveredconditionals="1" methods="2" coveredmethods="0"/>
        <file name="CollapseTreeIcon.vue" path="/Users/maxpostema/Projects/molgenis-app-lifelines-webshop/src/components/animations/CollapseTreeIcon.vue">
          <metrics statements="2" coveredstatements="2" conditionals="2" coveredconditionals="1" methods="0" coveredmethods="0"/>
          <line num="10" count="3" type="stmt"/>
          <line num="22" count="1" type="stmt"/>
        </file>
        <file name="TransitionExpand.vue" path="/Users/maxpostema/Projects/molgenis-app-lifelines-webshop/src/components/animations/TransitionExpand.vue">
          <metrics statements="21" coveredstatements="2" conditionals="0" coveredconditionals="0" methods="2" coveredmethods="0"/>
          <line num="9" count="1" type="stmt"/>
          <line num="15" count="0" type="stmt"/>
          <line num="18" count="0" type="stmt"/>
          <line num="20" count="0" type="stmt"/>
          <line num="21" count="0" type="stmt"/>
          <line num="22" count="0" type="stmt"/>
          <line num="23" count="0" type="stmt"/>
          <line num="25" count="0" type="stmt"/>
          <line num="27" count="0" type="stmt"/>
          <line num="28" count="0" type="stmt"/>
          <line num="29" count="0" type="stmt"/>
          <line num="30" count="0" type="stmt"/>
          <line num="35" count="0" type="stmt"/>
          <line num="37" count="0" type="stmt"/>
          <line num="38" count="0" type="stmt"/>
          <line num="42" count="0" type="stmt"/>
          <line num="44" count="0" type="stmt"/>
          <line num="49" count="0" type="stmt"/>
          <line num="51" count="0" type="stmt"/>
          <line num="52" count="0" type="stmt"/>
          <line num="58" count="1" type="stmt"/>
        </file>
      </package>
      <package name="components.facets">
        <metrics statements="10" coveredstatements="10" conditionals="2" coveredconditionals="2" methods="2" coveredmethods="2"/>
        <file name="FacetOption.vue" path="/Users/maxpostema/Projects/molgenis-app-lifelines-webshop/src/components/facets/FacetOption.vue">
          <metrics statements="2" coveredstatements="2" conditionals="0" coveredconditionals="0" methods="1" coveredmethods="1"/>
          <line num="13" count="4" type="stmt"/>
          <line num="24" count="2" type="stmt"/>
        </file>
        <file name="ToggleFacet.vue" path="/Users/maxpostema/Projects/molgenis-app-lifelines-webshop/src/components/facets/ToggleFacet.vue">
          <metrics statements="8" coveredstatements="8" conditionals="2" coveredconditionals="2" methods="1" coveredmethods="1"/>
          <line num="13" count="3" type="stmt"/>
          <line num="14" count="3" type="stmt"/>
          <line num="34" count="1" type="stmt"/>
          <line num="39" count="3" type="stmt"/>
          <line num="44" count="2" type="cond" truecount="2" falsecount="0"/>
          <line num="45" count="1" type="stmt"/>
          <line num="47" count="1" type="stmt"/>
          <line num="49" count="2" type="stmt"/>
        </file>
      </package>
      <package name="components.tree">
        <metrics statements="14" coveredstatements="7" conditionals="4" coveredconditionals="1" methods="2" coveredmethods="2"/>
        <file name="CollapsibleTree.vue" path="/Users/maxpostema/Projects/molgenis-app-lifelines-webshop/src/components/tree/CollapsibleTree.vue">
          <metrics statements="14" coveredstatements="7" conditionals="4" coveredconditionals="1" methods="2" coveredmethods="2"/>
          <line num="58" count="3" type="stmt"/>
          <line num="59" count="3" type="stmt"/>
          <line num="60" count="3" type="stmt"/>
          <line num="65" count="1" type="stmt"/>
          <line num="81" count="0" type="stmt"/>
          <line num="86" count="1" type="stmt"/>
          <line num="87" count="2" type="cond" truecount="1" falsecount="1"/>
          <line num="88" count="1" type="stmt"/>
          <line num="91" count="0" type="stmt"/>
          <line num="94" count="0" type="cond" truecount="0" falsecount="2"/>
          <line num="95" count="0" type="stmt"/>
          <line num="97" count="0" type="stmt"/>
          <line num="99" count="0" type="stmt"/>
          <line num="100" count="0" type="stmt"/>
        </file>
      </package>
      <package name="views">
        <metrics statements="11" coveredstatements="10" conditionals="0" coveredconditionals="0" methods="1" coveredmethods="0"/>
        <file name="ContentView.vue" path="/Users/maxpostema/Projects/molgenis-app-lifelines-webshop/src/views/ContentView.vue">
          <metrics statements="2" coveredstatements="2" conditionals="0" coveredconditionals="0" methods="0" coveredmethods="0"/>
          <line num="11" count="2" type="stmt"/>
          <line num="12" count="2" type="stmt"/>
        </file>
        <file name="MainView.vue" path="/Users/maxpostema/Projects/molgenis-app-lifelines-webshop/src/views/MainView.vue">
          <metrics statements="3" coveredstatements="3" conditionals="0" coveredconditionals="0" methods="0" coveredmethods="0"/>
          <line num="9" count="1" type="stmt"/>
          <line num="10" count="1" type="stmt"/>
          <line num="11" count="1" type="stmt"/>
        </file>
        <file name="SidebarView.vue" path="/Users/maxpostema/Projects/molgenis-app-lifelines-webshop/src/views/SidebarView.vue">
          <metrics statements="3" coveredstatements="3" conditionals="0" coveredconditionals="0" methods="0" coveredmethods="0"/>
          <line num="16" count="2" type="stmt"/>
          <line num="17" count="2" type="stmt"/>
          <line num="23" count="1" type="stmt"/>
        </file>
        <file name="TreeView.vue" path="/Users/maxpostema/Projects/molgenis-app-lifelines-webshop/src/views/TreeView.vue">
          <metrics statements="3" coveredstatements="2" conditionals="0" coveredconditionals="0" methods="1" coveredmethods="0"/>
          <line num="9" count="2" type="stmt"/>
          <line num="10" count="2" type="stmt"/>
          <line num="15" count="0" type="stmt"/>
        </file>
      </package>
    </metrics>
  </project>
</coverage>
