<?xml version="1.0" encoding="UTF-8"?>
<coverage generated="1558623732078" clover="3.2.0">
  <project timestamp="1558623732078" name="All files">
    <metrics statements="63" coveredstatements="33" conditionals="12" coveredconditionals="5" methods="10" coveredmethods="5" elements="85" coveredelements="43" complexity="0" loc="63" ncloc="63" packages="5" files="9" classes="9">
      <package name="components.animations">
        <metrics statements="23" coveredstatements="1" conditionals="2" coveredconditionals="0" methods="2" coveredmethods="0"/>
        <file name="CollapseTreeIcon.vue" path="/Users/max/Projects/molgenis-app-lifelines-webshop/src/components/animations/CollapseTreeIcon.vue">
          <metrics statements="2" coveredstatements="1" conditionals="2" coveredconditionals="0" methods="0" coveredmethods="0"/>
          <line num="10" count="2" type="stmt"/>
          <line num="22" count="0" type="stmt"/>
        </file>
        <file name="TransitionExpand.vue" path="/Users/max/Projects/molgenis-app-lifelines-webshop/src/components/animations/TransitionExpand.vue">
          <metrics statements="21" coveredstatements="0" conditionals="0" coveredconditionals="0" methods="2" coveredmethods="0"/>
          <line num="9" count="0" type="stmt"/>
          <line num="15" count="0" type="stmt"/>
          <line num="18" count="0" type="stmt"/>
          <line num="20" count="0" type="stmt"/>
          <line num="21" count="0" type="stmt"/>
          <line num="22" count="0" type="stmt"/>
          <line num="23" count="0" type="stmt"/>
          <line num="25" count="0" type="stmt"/>
          <line num="27" count="0" type="stmt"/>
          <line num="28" count="0" type="stmt"/>
          <line num="29" count="0" type="stmt"/>
          <line num="30" count="0" type="stmt"/>
          <line num="35" count="0" type="stmt"/>
          <line num="37" count="0" type="stmt"/>
          <line num="38" count="0" type="stmt"/>
          <line num="42" count="0" type="stmt"/>
          <line num="44" count="0" type="stmt"/>
          <line num="49" count="0" type="stmt"/>
          <line num="51" count="0" type="stmt"/>
          <line num="52" count="0" type="stmt"/>
          <line num="58" count="0" type="stmt"/>
        </file>
      </package>
      <package name="components.facets">
        <metrics statements="2" coveredstatements="2" conditionals="0" coveredconditionals="0" methods="1" coveredmethods="1"/>
        <file name="FacetOption.vue" path="/Users/max/Projects/molgenis-app-lifelines-webshop/src/components/facets/FacetOption.vue">
          <metrics statements="2" coveredstatements="2" conditionals="0" coveredconditionals="0" methods="1" coveredmethods="1"/>
          <line num="13" count="4" type="stmt"/>
          <line num="24" count="2" type="stmt"/>
        </file>
      </package>
      <package name="components.facets.components">
        <metrics statements="17" coveredstatements="17" conditionals="8" coveredconditionals="5" methods="5" coveredmethods="4"/>
        <file name="ToggleFacet.vue" path="/Users/max/Projects/molgenis-app-lifelines-webshop/src/components/facets/components/ToggleFacet.vue">
          <metrics statements="17" coveredstatements="17" conditionals="8" coveredconditionals="5" methods="5" coveredmethods="4"/>
          <line num="1" count="3" type="stmt"/>
          <line num="4" count="3" type="stmt"/>
          <line num="6" count="3" type="stmt"/>
          <line num="9" count="3" type="stmt"/>
          <line num="11" count="3" type="stmt"/>
          <line num="13" count="3" type="stmt"/>
          <line num="26" count="3" type="stmt"/>
          <line num="46" count="1" type="stmt"/>
          <line num="51" count="3" type="stmt"/>
          <line num="57" count="2" type="cond" truecount="2" falsecount="0"/>
          <line num="58" count="1" type="stmt"/>
          <line num="60" count="1" type="stmt"/>
          <line num="63" count="2" type="stmt"/>
          <line num="69" count="3" type="stmt"/>
          <line num="71" count="3" type="cond" truecount="2" falsecount="2"/>
          <line num="72" count="3" type="cond" truecount="1" falsecount="1"/>
          <line num="73" count="3" type="stmt"/>
        </file>
      </package>
      <package name="components.tree">
        <metrics statements="10" coveredstatements="3" conditionals="2" coveredconditionals="0" methods="1" coveredmethods="0"/>
        <file name="CollapsibleTree.vue" path="/Users/max/Projects/molgenis-app-lifelines-webshop/src/components/tree/CollapsibleTree.vue">
          <metrics statements="10" coveredstatements="3" conditionals="2" coveredconditionals="0" methods="1" coveredmethods="0"/>
          <line num="58" count="2" type="stmt"/>
          <line num="59" count="2" type="stmt"/>
          <line num="60" count="2" type="stmt"/>
          <line num="65" count="0" type="stmt"/>
          <line num="81" count="0" type="stmt"/>
          <line num="86" count="0" type="stmt"/>
          <line num="89" count="0" type="cond" truecount="0" falsecount="2"/>
          <line num="90" count="0" type="stmt"/>
          <line num="92" count="0" type="stmt"/>
          <line num="94" count="0" type="stmt"/>
        </file>
      </package>
      <package name="views">
        <metrics statements="11" coveredstatements="10" conditionals="0" coveredconditionals="0" methods="1" coveredmethods="0"/>
        <file name="ContentView.vue" path="/Users/max/Projects/molgenis-app-lifelines-webshop/src/views/ContentView.vue">
          <metrics statements="2" coveredstatements="2" conditionals="0" coveredconditionals="0" methods="0" coveredmethods="0"/>
          <line num="11" count="2" type="stmt"/>
          <line num="12" count="2" type="stmt"/>
        </file>
        <file name="MainView.vue" path="/Users/max/Projects/molgenis-app-lifelines-webshop/src/views/MainView.vue">
          <metrics statements="3" coveredstatements="3" conditionals="0" coveredconditionals="0" methods="0" coveredmethods="0"/>
          <line num="9" count="1" type="stmt"/>
          <line num="10" count="1" type="stmt"/>
          <line num="11" count="1" type="stmt"/>
        </file>
        <file name="SidebarView.vue" path="/Users/max/Projects/molgenis-app-lifelines-webshop/src/views/SidebarView.vue">
          <metrics statements="3" coveredstatements="3" conditionals="0" coveredconditionals="0" methods="0" coveredmethods="0"/>
          <line num="16" count="2" type="stmt"/>
          <line num="17" count="2" type="stmt"/>
          <line num="23" count="1" type="stmt"/>
        </file>
        <file name="TreeView.vue" path="/Users/max/Projects/molgenis-app-lifelines-webshop/src/views/TreeView.vue">
          <metrics statements="3" coveredstatements="2" conditionals="0" coveredconditionals="0" methods="1" coveredmethods="0"/>
          <line num="9" count="2" type="stmt"/>
          <line num="10" count="2" type="stmt"/>
          <line num="15" count="0" type="stmt"/>
        </file>
      </package>
    </metrics>
  </project>
</coverage>
