{"/Users/max/Projects/molgenis-app-lifelines-webshop/src/components/facets/FacetOption.vue": {"path":"/Users/max/Projects/molgenis-app-lifelines-webshop/src/components/facets/FacetOption.vue","statementMap":{"0":{"start":{"line":13,"column":0},"end":{"line":null,"column":-1}},"1":{"start":{"line":24,"column":0},"end":{"line":null,"column":-1}}},"fnMap":{"0":{"name":"(anonymous_1)","decl":{"start":{"line":24,"column":0},"end":{"line":null,"column":-1}},"loc":{"start":{"line":24,"column":0},"end":{"line":null,"column":-1}}}},"branchMap":{},"s":{"0":4,"1":2},"f":{"0":2},"b":{}}
,"/Users/max/Projects/molgenis-app-lifelines-webshop/src/components/facets/components/ToggleFacet.vue": {"path":"/Users/max/Projects/molgenis-app-lifelines-webshop/src/components/facets/components/ToggleFacet.vue","statementMap":{"0":{"start":{"line":1,"column":1},"end":{"line":70,"column":4}},"1":{"start":{"line":4,"column":29},"end":{"line":4,"column":148}},"2":{"start":{"line":6,"column":0},"end":{"line":8,"column":3}},"3":{"start":{"line":9,"column":0},"end":{"line":9,"column":25}},"4":{"start":{"line":11,"column":11},"end":{"line":11,"column":49}},"5":{"start":{"line":13,"column":19},"end":{"line":13,"column":71}},"6":{"start":{"line":26,"column":15},"end":{"line":67,"column":2}},"7":{"start":{"line":46,"column":21},"end":{"line":46,"column":23}},"8":{"start":{"line":51,"column":6},"end":{"line":51,"column":39}},"9":{"start":{"line":57,"column":6},"end":{"line":61,"column":7}},"10":{"start":{"line":58,"column":8},"end":{"line":58,"column":63}},"11":{"start":{"line":60,"column":8},"end":{"line":60,"column":38}},"12":{"start":{"line":63,"column":6},"end":{"line":63,"column":39}},"13":{"start":{"line":69,"column":0},"end":{"line":69,"column":27}},"14":{"start":{"line":71,"column":20},"end":{"line":71,"column":89}},"15":{"start":{"line":71,"column":114},"end":{"line":71,"column":187}},"16":{"start":{"line":72,"column":0},"end":{"line":72,"column":614}},"17":{"start":{"line":72,"column":54},"end":{"line":72,"column":58}},"18":{"start":{"line":72,"column":66},"end":{"line":72,"column":84}},"19":{"start":{"line":72,"column":92},"end":{"line":72,"column":108}},"20":{"start":{"line":72,"column":109},"end":{"line":72,"column":613}},"21":{"start":{"line":72,"column":368},"end":{"line":72,"column":606}},"22":{"start":{"line":72,"column":562},"end":{"line":72,"column":598}},"23":{"start":{"line":73,"column":0},"end":{"line":73,"column":37}}},"fnMap":{"0":{"name":"(anonymous_0)","decl":{"start":{"line":1,"column":2},"end":{"line":1,"column":3}},"loc":{"start":{"line":1,"column":12},"end":{"line":70,"column":1}},"line":1},"1":{"name":"(anonymous_1)","decl":{"start":{"line":46,"column":15},"end":{"line":46,"column":16}},"loc":{"start":{"line":46,"column":21},"end":{"line":46,"column":23}},"line":46},"2":{"name":"render","decl":{"start":{"line":72,"column":35},"end":{"line":72,"column":41}},"loc":{"start":{"line":72,"column":45},"end":{"line":72,"column":614}},"line":72},"3":{"name":"(anonymous_3)","decl":{"start":{"line":72,"column":351},"end":{"line":72,"column":352}},"loc":{"start":{"line":72,"column":367},"end":{"line":72,"column":607}},"line":72},"4":{"name":"(anonymous_4)","decl":{"start":{"line":72,"column":545},"end":{"line":72,"column":546}},"loc":{"start":{"line":72,"column":561},"end":{"line":72,"column":599}},"line":72}},"branchMap":{"0":{"loc":{"start":{"line":57,"column":6},"end":{"line":61,"column":7}},"type":"if","locations":[{"start":{"line":57,"column":6},"end":{"line":61,"column":7}},{"start":{"line":57,"column":6},"end":{"line":61,"column":7}}],"line":57},"1":{"loc":{"start":{"line":71,"column":20},"end":{"line":71,"column":89}},"type":"cond-expr","locations":[{"start":{"line":71,"column":50},"end":{"line":71,"column":72}},{"start":{"line":71,"column":75},"end":{"line":71,"column":89}}],"line":71},"2":{"loc":{"start":{"line":71,"column":114},"end":{"line":71,"column":187}},"type":"cond-expr","locations":[{"start":{"line":71,"column":151},"end":{"line":71,"column":172}},{"start":{"line":71,"column":174},"end":{"line":71,"column":187}}],"line":71},"3":{"loc":{"start":{"line":72,"column":92},"end":{"line":72,"column":108}},"type":"binary-expr","locations":[{"start":{"line":72,"column":92},"end":{"line":72,"column":104}},{"start":{"line":72,"column":106},"end":{"line":72,"column":108}}],"line":72}},"s":{"0":3,"1":3,"2":3,"3":3,"4":3,"5":3,"6":3,"7":1,"8":3,"9":2,"10":1,"11":1,"12":2,"13":3,"14":3,"15":3,"16":3,"17":3,"18":3,"19":3,"20":3,"21":3,"22":0,"23":3},"f":{"0":3,"1":1,"2":3,"3":3,"4":0},"b":{"0":[1,1],"1":[3,0],"2":[3,0],"3":[3,0]},"_coverageSchema":"332fd63041d2c1bcb487cc26dd0d5f7d97098a6c","hash":"01417f6d9aa4c393f857f177efa0db13d36dc150"}
,"/Users/max/Projects/molgenis-app-lifelines-webshop/src/views/ContentView.vue": {"path":"/Users/max/Projects/molgenis-app-lifelines-webshop/src/views/ContentView.vue","statementMap":{"0":{"start":{"line":8,"column":0},"end":{"line":null,"column":-1}}},"fnMap":{},"branchMap":{},"s":{"0":2},"f":{},"b":{}}
,"/Users/max/Projects/molgenis-app-lifelines-webshop/src/views/MainView.vue": {"path":"/Users/max/Projects/molgenis-app-lifelines-webshop/src/views/MainView.vue","statementMap":{"0":{"start":{"line":9,"column":0},"end":{"line":null,"column":-1}},"1":{"start":{"line":10,"column":0},"end":{"line":null,"column":-1}},"2":{"start":{"line":11,"column":0},"end":{"line":null,"column":-1}}},"fnMap":{},"branchMap":{},"s":{"0":1,"1":1,"2":1},"f":{},"b":{}}
,"/Users/max/Projects/molgenis-app-lifelines-webshop/src/views/SidebarView.vue": {"path":"/Users/max/Projects/molgenis-app-lifelines-webshop/src/views/SidebarView.vue","statementMap":{"0":{"start":{"line":16,"column":0},"end":{"line":null,"column":-1}},"1":{"start":{"line":17,"column":0},"end":{"line":null,"column":-1}},"2":{"start":{"line":23,"column":0},"end":{"line":null,"column":-1}}},"fnMap":{},"branchMap":{},"s":{"0":2,"1":2,"2":1},"f":{},"b":{}}
}
