{"/Users/maxpostema/Projects/molgenis-app-lifelines-webshop/src/components/animations/CollapseTreeIcon.vue": {"path":"/Users/maxpostema/Projects/molgenis-app-lifelines-webshop/src/components/animations/CollapseTreeIcon.vue","statementMap":{"0":{"start":{"line":10,"column":0},"end":{"line":null,"column":-1}},"1":{"start":{"line":22,"column":0},"end":{"line":null,"column":-1}}},"fnMap":{},"branchMap":{"0":{"loc":{"start":{"line":23,"column":0},"end":{"line":null,"column":-1}},"type":"cond-expr","locations":[{"start":{"line":23,"column":0},"end":{"line":null,"column":-1}},{"start":{"line":23,"column":0},"end":{"line":null,"column":-1}}]}},"s":{"0":3,"1":1},"f":{},"b":{"0":[0,1]}}
,"/Users/maxpostema/Projects/molgenis-app-lifelines-webshop/src/components/animations/TransitionExpand.vue": {"path":"/Users/maxpostema/Projects/molgenis-app-lifelines-webshop/src/components/animations/TransitionExpand.vue","statementMap":{"0":{"start":{"line":9,"column":0},"end":{"line":null,"column":-1}},"1":{"start":{"line":15,"column":0},"end":{"line":null,"column":-1}},"2":{"start":{"line":18,"column":0},"end":{"line":null,"column":-1}},"3":{"start":{"line":20,"column":0},"end":{"line":null,"column":-1}},"4":{"start":{"line":21,"column":0},"end":{"line":null,"column":-1}},"5":{"start":{"line":22,"column":0},"end":{"line":null,"column":-1}},"6":{"start":{"line":23,"column":0},"end":{"line":null,"column":-1}},"7":{"start":{"line":25,"column":0},"end":{"line":null,"column":-1}},"8":{"start":{"line":27,"column":0},"end":{"line":null,"column":-1}},"9":{"start":{"line":28,"column":0},"end":{"line":null,"column":-1}},"10":{"start":{"line":29,"column":0},"end":{"line":null,"column":-1}},"11":{"start":{"line":30,"column":0},"end":{"line":null,"column":-1}},"12":{"start":{"line":35,"column":0},"end":{"line":null,"column":-1}},"13":{"start":{"line":37,"column":0},"end":{"line":39,"column":0}},"14":{"start":{"line":38,"column":0},"end":{"line":null,"column":-1}},"15":{"start":{"line":42,"column":0},"end":{"line":null,"column":-1}},"16":{"start":{"line":44,"column":0},"end":{"line":null,"column":-1}},"17":{"start":{"line":49,"column":0},"end":{"line":null,"column":-1}},"18":{"start":{"line":51,"column":0},"end":{"line":53,"column":0}},"19":{"start":{"line":52,"column":0},"end":{"line":null,"column":-1}},"20":{"start":{"line":58,"column":0},"end":{"line":null,"column":-1}}},"fnMap":{"0":{"name":"(anonymous_1)","decl":{"start":{"line":37,"column":0},"end":{"line":null,"column":-1}},"loc":{"start":{"line":37,"column":0},"end":{"line":39,"column":0}}},"1":{"name":"(anonymous_2)","decl":{"start":{"line":51,"column":0},"end":{"line":null,"column":-1}},"loc":{"start":{"line":51,"column":0},"end":{"line":53,"column":0}}}},"branchMap":{},"s":{"0":1,"1":0,"2":0,"3":0,"4":0,"5":0,"6":0,"7":0,"8":0,"9":0,"10":0,"11":0,"12":0,"13":0,"14":0,"15":0,"16":0,"17":0,"18":0,"19":0,"20":1},"f":{"0":0,"1":0},"b":{}}
,"/Users/maxpostema/Projects/molgenis-app-lifelines-webshop/src/components/facets/FacetOption.vue": {"path":"/Users/maxpostema/Projects/molgenis-app-lifelines-webshop/src/components/facets/FacetOption.vue","statementMap":{"0":{"start":{"line":13,"column":0},"end":{"line":null,"column":-1}},"1":{"start":{"line":24,"column":0},"end":{"line":null,"column":-1}}},"fnMap":{"0":{"name":"(anonymous_1)","decl":{"start":{"line":24,"column":0},"end":{"line":null,"column":-1}},"loc":{"start":{"line":24,"column":0},"end":{"line":null,"column":-1}}}},"branchMap":{},"s":{"0":4,"1":2},"f":{"0":2},"b":{}}
,"/Users/maxpostema/Projects/molgenis-app-lifelines-webshop/src/components/facets/ToggleFacet.vue": {"path":"/Users/maxpostema/Projects/molgenis-app-lifelines-webshop/src/components/facets/ToggleFacet.vue","statementMap":{"0":{"start":{"line":13,"column":0},"end":{"line":null,"column":-1}},"1":{"start":{"line":14,"column":0},"end":{"line":null,"column":-1}},"2":{"start":{"line":34,"column":0},"end":{"line":null,"column":-1}},"3":{"start":{"line":39,"column":0},"end":{"line":null,"column":-1}},"4":{"start":{"line":44,"column":0},"end":{"line":48,"column":0}},"5":{"start":{"line":45,"column":0},"end":{"line":null,"column":-1}},"6":{"start":{"line":47,"column":0},"end":{"line":null,"column":-1}},"7":{"start":{"line":49,"column":0},"end":{"line":null,"column":-1}}},"fnMap":{"0":{"name":"(anonymous_1)","decl":{"start":{"line":34,"column":0},"end":{"line":null,"column":-1}},"loc":{"start":{"line":34,"column":0},"end":{"line":null,"column":-1}}}},"branchMap":{"0":{"loc":{"start":{"line":44,"column":0},"end":{"line":48,"column":0}},"type":"if","locations":[{"start":{"line":44,"column":0},"end":{"line":48,"column":0}},{"start":{"line":44,"column":0},"end":{"line":48,"column":0}}]}},"s":{"0":3,"1":3,"2":1,"3":3,"4":2,"5":1,"6":1,"7":2},"f":{"0":1},"b":{"0":[1,1]}}
,"/Users/maxpostema/Projects/molgenis-app-lifelines-webshop/src/components/tree/CollapsibleTree.vue": {"path":"/Users/maxpostema/Projects/molgenis-app-lifelines-webshop/src/components/tree/CollapsibleTree.vue","statementMap":{"0":{"start":{"line":58,"column":0},"end":{"line":null,"column":-1}},"1":{"start":{"line":59,"column":0},"end":{"line":null,"column":-1}},"2":{"start":{"line":60,"column":0},"end":{"line":null,"column":-1}},"3":{"start":{"line":65,"column":0},"end":{"line":null,"column":-1}},"4":{"start":{"line":81,"column":0},"end":{"line":null,"column":-1}},"5":{"start":{"line":86,"column":0},"end":{"line":null,"column":-1}},"6":{"start":{"line":87,"column":0},"end":{"line":null,"column":-1}},"7":{"start":{"line":88,"column":0},"end":{"line":null,"column":-1}},"8":{"start":{"line":91,"column":0},"end":{"line":null,"column":-1}},"9":{"start":{"line":94,"column":0},"end":{"line":98,"column":0}},"10":{"start":{"line":95,"column":0},"end":{"line":null,"column":-1}},"11":{"start":{"line":97,"column":0},"end":{"line":null,"column":-1}},"12":{"start":{"line":99,"column":0},"end":{"line":null,"column":-1}},"13":{"start":{"line":100,"column":0},"end":{"line":null,"column":-1}}},"fnMap":{"0":{"name":"(anonymous_1)","decl":{"start":{"line":64,"column":0},"end":{"line":null,"column":-1}},"loc":{"start":{"line":64,"column":0},"end":{"line":68,"column":0}}},"1":{"name":"(anonymous_2)","decl":{"start":{"line":87,"column":0},"end":{"line":null,"column":-1}},"loc":{"start":{"line":87,"column":0},"end":{"line":null,"column":-1}}}},"branchMap":{"0":{"loc":{"start":{"line":87,"column":0},"end":{"line":null,"column":-1}},"type":"if","locations":[{"start":{"line":87,"column":0},"end":{"line":null,"column":-1}},{"start":{"line":87,"column":0},"end":{"line":null,"column":-1}}]},"1":{"loc":{"start":{"line":94,"column":0},"end":{"line":98,"column":0}},"type":"if","locations":[{"start":{"line":94,"column":0},"end":{"line":98,"column":0}},{"start":{"line":94,"column":0},"end":{"line":98,"column":0}}]}},"s":{"0":3,"1":3,"2":3,"3":1,"4":0,"5":1,"6":2,"7":1,"8":0,"9":0,"10":0,"11":0,"12":0,"13":0},"f":{"0":1,"1":1},"b":{"0":[0,1],"1":[0,0]}}
,"/Users/maxpostema/Projects/molgenis-app-lifelines-webshop/src/views/ContentView.vue": {"path":"/Users/maxpostema/Projects/molgenis-app-lifelines-webshop/src/views/ContentView.vue","statementMap":{"0":{"start":{"line":11,"column":0},"end":{"line":null,"column":-1}},"1":{"start":{"line":12,"column":0},"end":{"line":null,"column":-1}}},"fnMap":{},"branchMap":{},"s":{"0":2,"1":2},"f":{},"b":{}}
,"/Users/maxpostema/Projects/molgenis-app-lifelines-webshop/src/views/MainView.vue": {"path":"/Users/maxpostema/Projects/molgenis-app-lifelines-webshop/src/views/MainView.vue","statementMap":{"0":{"start":{"line":9,"column":0},"end":{"line":null,"column":-1}},"1":{"start":{"line":10,"column":0},"end":{"line":null,"column":-1}},"2":{"start":{"line":11,"column":0},"end":{"line":null,"column":-1}}},"fnMap":{},"branchMap":{},"s":{"0":1,"1":1,"2":1},"f":{},"b":{}}
,"/Users/maxpostema/Projects/molgenis-app-lifelines-webshop/src/views/SidebarView.vue": {"path":"/Users/maxpostema/Projects/molgenis-app-lifelines-webshop/src/views/SidebarView.vue","statementMap":{"0":{"start":{"line":16,"column":0},"end":{"line":null,"column":-1}},"1":{"start":{"line":17,"column":0},"end":{"line":null,"column":-1}},"2":{"start":{"line":23,"column":0},"end":{"line":null,"column":-1}}},"fnMap":{},"branchMap":{},"s":{"0":2,"1":2,"2":1},"f":{},"b":{}}
,"/Users/maxpostema/Projects/molgenis-app-lifelines-webshop/src/views/TreeView.vue": {"path":"/Users/maxpostema/Projects/molgenis-app-lifelines-webshop/src/views/TreeView.vue","statementMap":{"0":{"start":{"line":9,"column":0},"end":{"line":null,"column":-1}},"1":{"start":{"line":10,"column":0},"end":{"line":null,"column":-1}},"2":{"start":{"line":15,"column":0},"end":{"line":null,"column":-1}}},"fnMap":{"0":{"name":"(anonymous_1)","decl":{"start":{"line":14,"column":0},"end":{"line":null,"column":-1}},"loc":{"start":{"line":14,"column":0},"end":{"line":63,"column":0}}}},"branchMap":{},"s":{"0":2,"1":2,"2":0},"f":{"0":0},"b":{}}
}
