TN:
SF:/Users/maxpostema/Projects/molgenis-app-lifelines-webshop/src/components/animations/CollapseTreeIcon.vue
FNF:0
FNH:0
DA:10,3
DA:22,1
LF:2
LH:2
BRDA:23,0,0,0
BRDA:23,0,1,1
BRF:2
BRH:1
end_of_record
TN:
SF:/Users/maxpostema/Projects/molgenis-app-lifelines-webshop/src/components/animations/TransitionExpand.vue
FN:37,(anonymous_1)
FN:51,(anonymous_2)
FNF:2
FNH:0
FNDA:0,(anonymous_1)
FNDA:0,(anonymous_2)
DA:9,1
DA:15,0
DA:18,0
DA:20,0
DA:21,0
DA:22,0
DA:23,0
DA:25,0
DA:27,0
DA:28,0
DA:29,0
DA:30,0
DA:35,0
DA:37,0
DA:38,0
DA:42,0
DA:44,0
DA:49,0
DA:51,0
DA:52,0
DA:58,1
LF:21
LH:2
BRF:0
BRH:0
end_of_record
TN:
SF:/Users/maxpostema/Projects/molgenis-app-lifelines-webshop/src/components/facets/FacetOption.vue
FN:24,(anonymous_1)
FNF:1
FNH:1
FNDA:2,(anonymous_1)
DA:13,4
DA:24,2
LF:2
LH:2
BRF:0
BRH:0
end_of_record
TN:
SF:/Users/maxpostema/Projects/molgenis-app-lifelines-webshop/src/components/facets/ToggleFacet.vue
FN:34,(anonymous_1)
FNF:1
FNH:1
FNDA:1,(anonymous_1)
DA:13,3
DA:14,3
DA:34,1
DA:39,3
DA:44,2
DA:45,1
DA:47,1
DA:49,2
LF:8
LH:8
BRDA:44,0,0,1
BRDA:44,0,1,1
BRF:2
BRH:2
end_of_record
TN:
SF:/Users/maxpostema/Projects/molgenis-app-lifelines-webshop/src/components/tree/CollapsibleTree.vue
FN:64,(anonymous_1)
FN:87,(anonymous_2)
FNF:2
FNH:2
FNDA:1,(anonymous_1)
FNDA:1,(anonymous_2)
DA:58,3
DA:59,3
DA:60,3
DA:65,1
DA:81,0
DA:86,1
DA:87,2
DA:88,1
DA:91,0
DA:94,0
DA:95,0
DA:97,0
DA:99,0
DA:100,0
LF:14
LH:7
BRDA:87,0,0,0
BRDA:87,0,1,1
BRDA:94,1,0,0
BRDA:94,1,1,0
BRF:4
BRH:1
end_of_record
TN:
SF:/Users/maxpostema/Projects/molgenis-app-lifelines-webshop/src/views/ContentView.vue
FNF:0
FNH:0
DA:11,2
DA:12,2
LF:2
LH:2
BRF:0
BRH:0
end_of_record
TN:
SF:/Users/maxpostema/Projects/molgenis-app-lifelines-webshop/src/views/MainView.vue
FNF:0
FNH:0
DA:9,1
DA:10,1
DA:11,1
LF:3
LH:3
BRF:0
BRH:0
end_of_record
TN:
SF:/Users/maxpostema/Projects/molgenis-app-lifelines-webshop/src/views/SidebarView.vue
FNF:0
FNH:0
DA:16,2
DA:17,2
DA:23,1
LF:3
LH:3
BRF:0
BRH:0
end_of_record
TN:
SF:/Users/maxpostema/Projects/molgenis-app-lifelines-webshop/src/views/TreeView.vue
FN:14,(anonymous_1)
FNF:1
FNH:0
FNDA:0,(anonymous_1)
DA:9,2
DA:10,2
DA:15,0
LF:3
LH:2
BRF:0
BRH:0
end_of_record
