TN:
SF:/Users/max/Projects/molgenis-app-lifelines-webshop/src/components/animations/CollapseTreeIcon.vue
FNF:0
FNH:0
DA:10,2
DA:22,0
LF:2
LH:1
BRDA:23,0,0,0
BRDA:23,0,1,0
BRF:2
BRH:0
end_of_record
TN:
SF:/Users/max/Projects/molgenis-app-lifelines-webshop/src/components/animations/TransitionExpand.vue
FN:37,(anonymous_1)
FN:51,(anonymous_2)
FNF:2
FNH:0
FNDA:0,(anonymous_1)
FNDA:0,(anonymous_2)
DA:9,0
DA:15,0
DA:18,0
DA:20,0
DA:21,0
DA:22,0
DA:23,0
DA:25,0
DA:27,0
DA:28,0
DA:29,0
DA:30,0
DA:35,0
DA:37,0
DA:38,0
DA:42,0
DA:44,0
DA:49,0
DA:51,0
DA:52,0
DA:58,0
LF:21
LH:0
BRF:0
BRH:0
end_of_record
TN:
SF:/Users/max/Projects/molgenis-app-lifelines-webshop/src/components/facets/FacetOption.vue
FN:24,(anonymous_1)
FNF:1
FNH:1
FNDA:2,(anonymous_1)
DA:13,4
DA:24,2
LF:2
LH:2
BRF:0
BRH:0
end_of_record
TN:
SF:/Users/max/Projects/molgenis-app-lifelines-webshop/src/components/facets/components/ToggleFacet.vue
FN:1,(anonymous_0)
FN:46,(anonymous_1)
FN:72,render
FN:72,(anonymous_3)
FN:72,(anonymous_4)
FNF:5
FNH:4
FNDA:3,(anonymous_0)
FNDA:1,(anonymous_1)
FNDA:3,render
FNDA:3,(anonymous_3)
FNDA:0,(anonymous_4)
DA:1,3
DA:4,3
DA:6,3
DA:9,3
DA:11,3
DA:13,3
DA:26,3
DA:46,1
DA:51,3
DA:57,2
DA:58,1
DA:60,1
DA:63,2
DA:69,3
DA:71,3
DA:72,3
DA:73,3
LF:17
LH:17
BRDA:57,0,0,1
BRDA:57,0,1,1
BRDA:71,1,0,3
BRDA:71,1,1,0
BRDA:71,2,0,3
BRDA:71,2,1,0
BRDA:72,3,0,3
BRDA:72,3,1,0
BRF:8
BRH:5
end_of_record
TN:
SF:/Users/max/Projects/molgenis-app-lifelines-webshop/src/components/tree/CollapsibleTree.vue
FN:64,(anonymous_1)
FNF:1
FNH:0
FNDA:0,(anonymous_1)
DA:58,2
DA:59,2
DA:60,2
DA:65,0
DA:81,0
DA:86,0
DA:89,0
DA:90,0
DA:92,0
DA:94,0
LF:10
LH:3
BRDA:89,0,0,0
BRDA:89,0,1,0
BRF:2
BRH:0
end_of_record
TN:
SF:/Users/max/Projects/molgenis-app-lifelines-webshop/src/views/ContentView.vue
FNF:0
FNH:0
DA:11,2
DA:12,2
LF:2
LH:2
BRF:0
BRH:0
end_of_record
TN:
SF:/Users/max/Projects/molgenis-app-lifelines-webshop/src/views/MainView.vue
FNF:0
FNH:0
DA:9,1
DA:10,1
DA:11,1
LF:3
LH:3
BRF:0
BRH:0
end_of_record
TN:
SF:/Users/max/Projects/molgenis-app-lifelines-webshop/src/views/SidebarView.vue
FNF:0
FNH:0
DA:16,2
DA:17,2
DA:23,1
LF:3
LH:3
BRF:0
BRH:0
end_of_record
TN:
SF:/Users/max/Projects/molgenis-app-lifelines-webshop/src/views/TreeView.vue
FN:14,(anonymous_1)
FNF:1
FNH:0
FNDA:0,(anonymous_1)
DA:9,2
DA:10,2
DA:15,0
LF:3
LH:2
BRF:0
BRH:0
end_of_record
